<?xml version="1.0" encoding="UTF-8"?>
<!-- Generated by org.testng.reporters.JUnitXMLReporter -->
<testsuite hostname="NA-DVOZNIUK" ignored="0" name="Test" tests="4" failures="0" timestamp="2020-07-22T16:26:52 PDT" time="42.222" errors="0">
  <testcase name="basePageNavig" time="12.116" classname="Academy.E2EProject.HomePage"/>
  <testcase name="basePageNavig" time="5.788" classname="Academy.E2EProject.HomePage"/>
  <testcase name="basePageNavig" time="0.144" classname="Academy.E2EProject.ValidateNavbar"/>
  <testcase name="basePageNavig" time="0.123" classname="Academy.E2EProject.ValidateTitle"/>
</testsuite> <!-- Test -->
