<?xml version="1.0" encoding="UTF-8"?>
<testsuite xmlns:xsi="http://www.w3.org/2001/XMLSchema-instance" xsi:noNamespaceSchemaLocation="https://maven.apache.org/surefire/maven-surefire-plugin/xsd/surefire-test-report-3.0.xsd" version="3.0" name="TestSuite" time="31.151" tests="5" errors="0" skipped="0" failures="1">
  <properties>
[...]
</properties>
  <testcase name="validateAppNavBar" classname="Academy.E2EProject.ValidateNavbar" time="0.105">
    <system-out><![CDATA[chrome
chrome
chrome
01:08:41.528 [TestNG-tests-2] INFO  resources.base - Driver is initialized
01:08:41.528 [TestNG-tests-3] INFO  resources.base - Driver is initialized
01:08:41.992 [TestNG-tests-1] INFO  resources.base - Driver is initialized
01:08:51.709 [TestNG-tests-1] INFO  resources.base - Navigated to homepage
01:08:52.029 [TestNG-tests-2] INFO  resources.base - Navigated to homepage
01:08:52.111 [TestNG-tests-3] INFO  resources.base - Navigated to homepage
01:08:52.113 [TestNG-tests-3] INFO  resources.base - CHwcing sesond obe
01:08:53.040 [TestNG-tests-3] INFO  resources.base - Learn Hot tools like Selenium, Appium, JMeter, SoapUI,Database Testing and more.. 1
01:08:53.575 [TestNG-tests-2] INFO  resources.base - Validated if menu bar is present
]]></system-out>
    <system-err><![CDATA[Starting ChromeDriver 85.0.4183.87 (cd6713ebf92fa1cacc0f1a598df280093af0c5d7-refs/branch-heads/4183@{#1689}) on port 26426
Only local connections are allowed.
Please see https://chromedriver.chromium.org/security-considerations for suggestions on keeping ChromeDriver safe.
Starting ChromeDriver 85.0.4183.87 (cd6713ebf92fa1cacc0f1a598df280093af0c5d7-refs/branch-heads/4183@{#1689}) on port 15859
Only local connections are allowed.
Please see https://chromedriver.chromium.org/security-considerations for suggestions on keeping ChromeDriver safe.
ChromeDriver was started successfully.
Starting ChromeCDhrroimveerD ri8v5.e0r. 4w18a3.s8 7s t(acrdt6e7d1 3suecbcfe9ss2ffual1lcy.ac
c0f1a598df280093af0c5d7-refs/branch-heads/4183@{#1689}) on port 2156
Only local connections are allowed.
Please see https://chromedriver.chromium.org/security-considerations for suggestions on keeping ChromeDriver safe.
ChromeDriver was started successfully.
Sep 25, 2020 1:08:41 AM org.openqa.selenium.remote.ProtocolHandshake createSession
INFO: Detected dialect: W3C
Sep 25, 2020 1:08:41 AM org.openqa.selenium.remote.ProtocolHandshake createSession
INFO: Detected dialect: W3C
Sep 25, 2020 1:08:41 AM org.openqa.selenium.remote.ProtocolHandshake createSession
INFO: Detected dialect: W3C
]]></system-err>
  </testcase>
  <testcase name="validateHomeHeader" classname="Academy.E2EProject.ValidateTitle" time="0.135">
    <system-out><![CDATA[Learn Hot tools like Selenium, Appium, JMeter, SoapUI,Database Testing and more.. 2
01:08:53.858 [TestNG-tests-3] INFO  resources.base - Succeddfuly validated header text
]]></system-out>
  </testcase>
  <testcase name="validateHomeTitle" classname="Academy.E2EProject.ValidateTitle" time="0.011">
    <failure message="expected [FEATURED 12COURSESsd] but found [FEATURED COURSES]" type="java.lang.AssertionError"><![CDATA[java.lang.AssertionError: expected [FEATURED 12COURSESsd] but found [FEATURED COURSES]
	at Academy.E2EProject.ValidateTitle.validateHomeTitle(ValidateTitle.java:38)
]]></failure>
    <system-out><![CDATA[01:08:53.860 [TestNG-tests-3] INFO  resources.base - Verifiing text merssage
]]></system-out>
  </testcase>
  <testcase name="basePageNavig[nonrestrict@gmail.com, 123456, Non-restricted user](1)" classname="Academy.E2EProject.HomePage" time="5.951">
    <system-out><![CDATA[01:08:57.950 [TestNG-tests-1] INFO  resources.base - Non-restricted user
]]></system-out>
  </testcase>
  <testcase name="basePageNavig[restrict@gmail.com, 876543, Restricted user](2)" classname="Academy.E2EProject.HomePage" time="5.802">
    <system-out><![CDATA[01:09:02.172 [TestNG-tests-1] INFO  resources.base - Navigated to homepage
01:09:04.181 [TestNG-tests-1] INFO  resources.base - Restricted user
]]></system-out>
  </testcase>
</testsuite>