<?xml version="1.0" encoding="UTF-8"?>
<!-- Generated by org.testng.reporters.JUnitXMLReporter -->
<testsuite hostname="NA-DVOZNIUK" ignored="0" name="Test" tests="4" failures="0" timestamp="2020-07-21T17:33:22 PDT" time="43.157" errors="0">
  <testcase name="basePageNavig" time="13.11" classname="Academy.E2EProject.HomePage"/>
  <testcase name="basePageNavig" time="12.078" classname="Academy.E2EProject.HomePage"/>
  <testcase name="basePageNavig" time="0.513" classname="Academy.E2EProject.ValidateNavbar"/>
  <testcase name="basePageNavig" time="0.078" classname="Academy.E2EProject.ValidateTitle"/>
</testsuite> <!-- Test -->
