<?xml version="1.0" encoding="UTF-8"?>
<!-- Generated by org.testng.reporters.JUnitXMLReporter -->
<testsuite hostname="NA-DVOZNIUK" ignored="0" name="Validating Navbar" tests="5" failures="0" timestamp="2020-11-18T16:54:11 PST" time="0.119" errors="0">
  <testcase name="@BeforeTest initialize" time="0.013" classname="Academy.E2EProject.ValidateTitle">
    <failure type="java.lang.NullPointerException">
      <![CDATA[java.lang.NullPointerException
at resources.base.initializeDriver(base.java:43)
at Academy.E2EProject.ValidateTitle.initialize(ValidateTitle.java:24)
at java.util.concurrent.FutureTask.run(Unknown Source)
at java.util.concurrent.ThreadPoolExecutor.runWorker(Unknown Source)
at java.util.concurrent.ThreadPoolExecutor$Worker.run(Unknown Source)
at java.lang.Thread.run(Unknown Source)
... Removed 15 stack frames]]>
    </failure>
  </testcase> <!-- @BeforeTest initialize -->
  <testcase name="@AfterTest teardown" time="-1.605747250578E9" classname="Academy.E2EProject.ValidateTitle">
    <skipped/>
  </testcase> <!-- @AfterTest teardown -->
  <testcase name="validateHomeHeader" time="0.0" classname="Academy.E2EProject.ValidateTitle">
    <skipped/>
  </testcase> <!-- validateHomeHeader -->
  <testcase name="validateHomeTitle" time="0.0" classname="Academy.E2EProject.ValidateTitle">
    <skipped/>
  </testcase> <!-- validateHomeTitle -->
  <testcase name="validateAppNavBar" time="0.0" classname="Academy.E2EProject.ValidateNavbar">
    <skipped/>
  </testcase> <!-- validateAppNavBar -->
  <testcase name="basePageNavig" time="0.0" classname="Academy.E2EProject.HomePage">
    <skipped/>
  </testcase> <!-- basePageNavig -->
  <testcase name="basePageNavig" time="0.0" classname="Academy.E2EProject.HomePage">
    <skipped/>
  </testcase> <!-- basePageNavig -->
</testsuite> <!-- Validating Navbar -->
