<?xml version="1.0" encoding="UTF-8"?>
<!-- Generated by org.testng.reporters.JUnitXMLReporter -->
<testsuite hostname="NA-DVOZNIUK" ignored="0" name="Validating Text" tests="1" failures="1" timestamp="2020-07-30T17:37:54 PDT" time="6.556" errors="0">
  <testcase name="validateHomeTitle" time="0.05" classname="Academy.E2EProject.ValidateTitle">
    <failure type="java.lang.AssertionError" message="expected [FEATURED 12COURSESsd] but found [FEATURED COURSES]">
      <![CDATA[java.lang.AssertionError: expected [FEATURED 12COURSESsd] but found [FEATURED COURSES]
at Academy.E2EProject.ValidateTitle.validateHomeTitle(ValidateTitle.java:37)
at java.util.ArrayList.forEach(Unknown Source)
... Removed 32 stack frames]]>
    </failure>
  </testcase> <!-- validateHomeTitle -->
</testsuite> <!-- Validating Text -->
